#
# A fatal error has been detected by the Java Runtime Environment:
#
#  EXCEPTION_ACCESS_VIOLATION (0xc0000005) at pc=0x000000006e139240, pid=1216, tid=0x0000000000000e70
#
# JRE version: OpenJDK Runtime Environment (8.0_152-b06) (build 1.8.0_152-release-1136-b06)
# Java VM: OpenJDK 64-Bit Server VM (25.152-b06 mixed mode windows-amd64 compressed oops)
# Problematic frame:
# V  [jvm.dll+0x429240]
#
# Failed to write core dump. Minidumps are not enabled by default on client versions of Windows
#
# If you would like to submit a bug report, please visit:
#   http://bugreport.java.com/bugreport/crash.jsp
#

---------------  T H R E A D  ---------------

Current thread (0x0000000055144800):  JavaThread "C2 CompilerThread0" daemon [_thread_in_native, id=3696, stack(0x0000000056cf0000,0x0000000056df0000)]

siginfo: ExceptionCode=0xc0000005, reading address 0xffffffffffffffff

Registers:
RAX=0x030303030ffffcff, RBX=0x000000005cd7d310, RCX=0x0000000003030301, RDX=0x0000000000000008
RSP=0x0000000056dec128, RBP=0x0000000056dec230, RSI=0x0000000056dec700, RDI=0x000000000003d5c0
R8 =0x0000000000000000, R9 =0x000000000003d4e0, R10=0x0000000056dec410, R11=0x0000000056dec100
R12=0x000000000000001a, R13=0x000000005c2314e8, R14=0x000000005d553068, R15=0x0000000000000000
RIP=0x000000006e139240, EFLAGS=0x0000000000010202

Top of Stack: (sp=0x0000000056dec128)
0x0000000056dec128:   000000006e17a34e 000000000003d5c0
0x0000000056dec138:   000000005cd7d310 000000005cd7d310
0x0000000056dec148:   0000000056dec230 0000000500000000
0x0000000056dec158:   0000000000000007 000000005d553068
0x0000000056dec168:   000008c4000000c4 0000041500000006
0x0000000056dec178:   0000000000000003 0000000005155455
0x0000000056dec188:   0000000000000000 0000000000000000
0x0000000056dec198:   0000000000000000 0000000000000000
0x0000000056dec1a8:   000008c700000000 0303030300000008
0x0000000056dec1b8:   000000005ca1e0a0 0000000000000016
0x0000000056dec1c8:   000000005ca1e340 0000000000000016
0x0000000056dec1d8:   0000000056dec280 0000000000000006
0x0000000056dec1e8:   0000000000000001 0000000000000000
0x0000000056dec1f8:   0000000000000000 0000000300000000
0x0000000056dec208:   0000000000000000 0000000000000000
0x0000000056dec218:   0000000000000415 0000000000000000 

Instructions: (pc=0x000000006e139240)
0x000000006e139220:   74 c3 48 8b 42 30 48 39 41 30 74 d4 32 c0 c3 cc
0x000000006e139230:   48 8b c1 8b 49 08 ff c9 85 c9 7e 0d 0f 1f 40 00
0x000000006e139240:   48 8b 00 ff c9 85 c9 7f f7 8b 40 0c c3 cc cc cc
0x000000006e139250:   8b 41 1c c3 cc cc cc cc cc cc cc cc cc cc cc cc 


Register to memory mapping:

RAX=0x030303030ffffcff is an unknown value
RBX=0x000000005cd7d310 is an unknown value
RCX=0x0000000003030301 is at entry_point+13889 in (nmethod*)0x000000000302c5d0
RDX=0x0000000000000008 is an unknown value
RSP=0x0000000056dec128 is pointing into the stack for thread: 0x0000000055144800
RBP=0x0000000056dec230 is pointing into the stack for thread: 0x0000000055144800
RSI=0x0000000056dec700 is pointing into the stack for thread: 0x0000000055144800
RDI=0x000000000003d5c0 is an unknown value
R8 =0x0000000000000000 is an unknown value
R9 =0x000000000003d4e0 is an unknown value
R10=0x0000000056dec410 is pointing into the stack for thread: 0x0000000055144800
R11=0x0000000056dec100 is pointing into the stack for thread: 0x0000000055144800
R12=0x000000000000001a is an unknown value
R13=0x000000005c2314e8 is an unknown value
R14=0x000000005d553068 is an unknown value
R15=0x0000000000000000 is an unknown value


Stack: [0x0000000056cf0000,0x0000000056df0000],  sp=0x0000000056dec128,  free space=1008k
Native frames: (J=compiled Java code, j=interpreted, Vv=VM code, C=native code)
V  [jvm.dll+0x429240]


Current CompileTask:
C2:  18413 4194       4       com.sun.beans.TypeResolver::resolve (37 bytes)


---------------  P R O C E S S  ---------------

Java Threads: ( => current thread )
  0x0000000058615800 JavaThread "Build operations Thread 4" [_thread_blocked, id=4800, stack(0x000000005fcf0000,0x000000005fdf0000)]
  0x0000000058614800 JavaThread "Build operations Thread 3" [_thread_blocked, id=2856, stack(0x000000005e5f0000,0x000000005e6f0000)]
  0x0000000058614000 JavaThread "Build operations Thread 2" [_thread_blocked, id=3496, stack(0x000000005fb90000,0x000000005fc90000)]
  0x0000000058613000 JavaThread "Build operations" [_thread_blocked, id=2976, stack(0x000000005f9f0000,0x000000005faf0000)]
  0x0000000058611800 JavaThread "Cache worker for Artifact transforms cache (C:\Users\MSPNR\.gradle\caches\transforms-1)" [_thread_blocked, id=4348, stack(0x000000005c6c0000,0x000000005c7c0000)]
  0x0000000058611000 JavaThread "Cache worker for cache directory md-rule (C:\Users\MSPNR\.gradle\caches\4.10.1\md-rule)" [_thread_blocked, id=3892, stack(0x000000005e090000,0x000000005e190000)]
  0x0000000058610000 JavaThread "Cache worker for cache directory md-supplier (C:\Users\MSPNR\.gradle\caches\4.10.1\md-supplier)" [_thread_blocked, id=3084, stack(0x000000005ded0000,0x000000005dfd0000)]
  0x000000005860e000 JavaThread "Cache worker for journal cache (C:\Users\MSPNR\.gradle\caches\journal-1)" [_thread_blocked, id=4732, stack(0x0000000059c80000,0x0000000059d80000)]
  0x000000005860d000 JavaThread "Cache worker for file hash cache (E:\Rj\SocialNetworkingApp\.gradle\4.10.1\fileHashes)" [_thread_blocked, id=1904, stack(0x000000005b560000,0x000000005b660000)]
  0x0000000059f6e000 JavaThread "File lock request listener" [_thread_in_native, id=4664, stack(0x000000005b1c0000,0x000000005b2c0000)]
  0x000000005a228000 JavaThread "Cache worker for file hash cache (C:\Users\MSPNR\.gradle\caches\4.10.1\fileHashes)" [_thread_blocked, id=1460, stack(0x000000005b0b0000,0x000000005b1b0000)]
  0x0000000058740800 JavaThread "Stdin handler" [_thread_blocked, id=2872, stack(0x0000000059da0000,0x0000000059ea0000)]
  0x0000000058737800 JavaThread "Asynchronous log dispatcher for DefaultDaemonConnection: socket connection from /127.0.0.1:49914 to /127.0.0.1:49915" [_thread_blocked, id=3968, stack(0x0000000059b50000,0x0000000059c50000)]
  0x0000000058904000 JavaThread "Daemon worker" [_thread_in_vm, id=3868, stack(0x0000000059790000,0x0000000059890000)]
  0x00000000588f9800 JavaThread "Cancel handler" [_thread_blocked, id=1100, stack(0x0000000059630000,0x0000000059730000)]
  0x0000000058723800 JavaThread "Handler for socket connection from /127.0.0.1:49914 to /127.0.0.1:49915" [_thread_in_native, id=4200, stack(0x0000000059440000,0x0000000059540000)]
  0x0000000058721000 JavaThread "Daemon" [_thread_blocked, id=5112, stack(0x0000000057c20000,0x0000000057d20000)]
  0x0000000058627000 JavaThread "Daemon periodic checks" [_thread_blocked, id=3916, stack(0x0000000059270000,0x0000000059370000)]
  0x00000000585b7000 JavaThread "Incoming local TCP Connector on port 49914" [_thread_in_native, id=4256, stack(0x00000000590a0000,0x00000000591a0000)]
  0x000000005651e000 JavaThread "Service Thread" daemon [_thread_blocked, id=2424, stack(0x0000000056ff0000,0x00000000570f0000)]
  0x00000000564ab800 JavaThread "C1 CompilerThread2" daemon [_thread_blocked, id=3636, stack(0x0000000056e90000,0x0000000056f90000)]
  0x00000000564aa800 JavaThread "C2 CompilerThread1" daemon [_thread_blocked, id=4656, stack(0x0000000056bb0000,0x0000000056cb0000)]
=>0x0000000055144800 JavaThread "C2 CompilerThread0" daemon [_thread_in_native, id=3696, stack(0x0000000056cf0000,0x0000000056df0000)]
  0x0000000055143800 JavaThread "Attach Listener" daemon [_thread_blocked, id=3224, stack(0x0000000056aa0000,0x0000000056ba0000)]
  0x0000000055142800 JavaThread "Signal Dispatcher" daemon [_thread_blocked, id=4244, stack(0x0000000056910000,0x0000000056a10000)]
  0x0000000055128000 JavaThread "Finalizer" daemon [_thread_blocked, id=408, stack(0x00000000563a0000,0x00000000564a0000)]
  0x00000000550e0800 JavaThread "Reference Handler" daemon [_thread_blocked, id=2040, stack(0x0000000056060000,0x0000000056160000)]
  0x00000000021fe800 JavaThread "main" [_thread_blocked, id=3140, stack(0x0000000002400000,0x0000000002500000)]

Other Threads:
  0x00000000550d9000 VMThread [stack: 0x00000000561f0000,0x00000000562f0000] [id=1096]
  0x000000005651f000 WatcherThread [stack: 0x0000000057290000,0x0000000057390000] [id=3244]

VM state:not at safepoint (normal execution)

VM Mutex/Monitor currently owned by a thread: None

Heap:
 PSYoungGen      total 135168K, used 15050K [0x00000000eab00000, 0x00000000f6300000, 0x0000000100000000)
  eden space 122368K, 1% used [0x00000000eab00000,0x00000000ead35920,0x00000000f2280000)
  from space 12800K, 99% used [0x00000000f2280000,0x00000000f2efcfb0,0x00000000f2f00000)
  to   space 16384K, 0% used [0x00000000f5300000,0x00000000f5300000,0x00000000f6300000)
 ParOldGen       total 62464K, used 22959K [0x00000000c0000000, 0x00000000c3d00000, 0x00000000eab00000)
  object space 62464K, 36% used [0x00000000c0000000,0x00000000c166bcc8,0x00000000c3d00000)
 Metaspace       used 46873K, capacity 47850K, committed 48168K, reserved 1091584K
  class space    used 6288K, capacity 6601K, committed 6704K, reserved 1048576K

Card table byte_map: [0x0000000011b90000,0x0000000011da0000] byte_map_base: 0x0000000011590000

Marking Bits: (ParMarkBitMap*) 0x000000006e4d5aa0
 Begin Bits: [0x0000000012550000, 0x0000000013550000)
 End Bits:   [0x0000000013550000, 0x0000000014550000)

Polling page: 0x0000000000130000

CodeCache: size=245760Kb used=14628Kb max_used=14676Kb free=231131Kb
 bounds [0x00000000027d0000, 0x0000000003630000, 0x00000000117d0000]
 total_blobs=4799 nmethods=4027 adapters=685
 compilation: enabled

Compilation events (10 events):
Event: 18.114 Thread 0x00000000564ab800 nmethod 4249 0x00000000036077d0 code [0x0000000003607980, 0x0000000003608008]
Event: 18.197 Thread 0x00000000564aa800 nmethod 4171 0x0000000003616010 code [0x0000000003616b40, 0x00000000036218e0]
Event: 18.197 Thread 0x00000000564aa800 4193       4       java.util.HashSet::iterator (13 bytes)
Event: 18.202 Thread 0x00000000564aa800 nmethod 4193 0x0000000003612490 code [0x0000000003612620, 0x0000000003612af8]
Event: 18.202 Thread 0x00000000564aa800 4215       4       java.util.regex.Pattern$5::isSatisfiedBy (28 bytes)
Event: 18.203 Thread 0x00000000564aa800 nmethod 4215 0x0000000003613090 code [0x00000000036131e0, 0x0000000003613298]
Event: 18.298 Thread 0x00000000564aa800 4250       4       sun.misc.URLClassPath$JarLoader::findResource (18 bytes)
Event: 18.299 Thread 0x00000000564aa800 nmethod 4250 0x00000000036143d0 code [0x0000000003614520, 0x00000000036145c8]
Event: 18.300 Thread 0x00000000564ab800 4251  s    3       java.util.Hashtable::containsKey (65 bytes)
Event: 18.300 Thread 0x00000000564ab800 nmethod 4251 0x00000000036139d0 code [0x0000000003613b60, 0x0000000003614178]

GC Heap History (10 events):
Event: 7.363 GC heap before
{Heap before GC invocations=8 (full 1):
 PSYoungGen      total 72192K, used 7483K [0x00000000eab00000, 0x00000000f3a00000, 0x0000000100000000)
  eden space 64512K, 0% used [0x00000000eab00000,0x00000000eab00000,0x00000000eea00000)
  from space 7680K, 97% used [0x00000000eea00000,0x00000000ef14ed18,0x00000000ef180000)
  to   space 8704K, 0% used [0x00000000f3180000,0x00000000f3180000,0x00000000f3a00000)
 ParOldGen       total 44032K, used 7442K [0x00000000c0000000, 0x00000000c2b00000, 0x00000000eab00000)
  object space 44032K, 16% used [0x00000000c0000000,0x00000000c0744b98,0x00000000c2b00000)
 Metaspace       used 20783K, capacity 21220K, committed 21296K, reserved 1067008K
  class space    used 2906K, capacity 3083K, committed 3120K, reserved 1048576K
Event: 7.483 GC heap after
Heap after GC invocations=8 (full 1):
 PSYoungGen      total 72192K, used 0K [0x00000000eab00000, 0x00000000f3a00000, 0x0000000100000000)
  eden space 64512K, 0% used [0x00000000eab00000,0x00000000eab00000,0x00000000eea00000)
  from space 7680K, 0% used [0x00000000eea00000,0x00000000eea00000,0x00000000ef180000)
  to   space 8704K, 0% used [0x00000000f3180000,0x00000000f3180000,0x00000000f3a00000)
 ParOldGen       total 39424K, used 9792K [0x00000000c0000000, 0x00000000c2680000, 0x00000000eab00000)
  object space 39424K, 24% used [0x00000000c0000000,0x00000000c0990288,0x00000000c2680000)
 Metaspace       used 20783K, capacity 21220K, committed 21296K, reserved 1067008K
  class space    used 2906K, capacity 3083K, committed 3120K, reserved 1048576K
}
Event: 8.961 GC heap before
{Heap before GC invocations=9 (full 1):
 PSYoungGen      total 72192K, used 64512K [0x00000000eab00000, 0x00000000f3a00000, 0x0000000100000000)
  eden space 64512K, 100% used [0x00000000eab00000,0x00000000eea00000,0x00000000eea00000)
  from space 7680K, 0% used [0x00000000eea00000,0x00000000eea00000,0x00000000ef180000)
  to   space 8704K, 0% used [0x00000000f3180000,0x00000000f3180000,0x00000000f3a00000)
 ParOldGen       total 39424K, used 9792K [0x00000000c0000000, 0x00000000c2680000, 0x00000000eab00000)
  object space 39424K, 24% used [0x00000000c0000000,0x00000000c0990288,0x00000000c2680000)
 Metaspace       used 26520K, capacity 26990K, committed 27312K, reserved 1073152K
  class space    used 3715K, capacity 3894K, committed 4016K, reserved 1048576K
Event: 8.996 GC heap after
Heap after GC invocations=9 (full 1):
 PSYoungGen      total 101888K, used 6369K [0x00000000eab00000, 0x00000000f3800000, 0x0000000100000000)
  eden space 95232K, 0% used [0x00000000eab00000,0x00000000eab00000,0x00000000f0800000)
  from space 6656K, 95% used [0x00000000f3180000,0x00000000f37b85d0,0x00000000f3800000)
  to   space 9216K, 0% used [0x00000000f2600000,0x00000000f2600000,0x00000000f2f00000)
 ParOldGen       total 39424K, used 9800K [0x00000000c0000000, 0x00000000c2680000, 0x00000000eab00000)
  object space 39424K, 24% used [0x00000000c0000000,0x00000000c0992288,0x00000000c2680000)
 Metaspace       used 26520K, capacity 26990K, committed 27312K, reserved 1073152K
  class space    used 3715K, capacity 3894K, committed 4016K, reserved 1048576K
}
Event: 12.316 GC heap before
{Heap before GC invocations=10 (full 1):
 PSYoungGen      total 101888K, used 101601K [0x00000000eab00000, 0x00000000f3800000, 0x0000000100000000)
  eden space 95232K, 100% used [0x00000000eab00000,0x00000000f0800000,0x00000000f0800000)
  from space 6656K, 95% used [0x00000000f3180000,0x00000000f37b85d0,0x00000000f3800000)
  to   space 9216K, 0% used [0x00000000f2600000,0x00000000f2600000,0x00000000f2f00000)
 ParOldGen       total 39424K, used 9800K [0x00000000c0000000, 0x00000000c2680000, 0x00000000eab00000)
  object space 39424K, 24% used [0x00000000c0000000,0x00000000c0992288,0x00000000c2680000)
 Metaspace       used 31953K, capacity 32570K, committed 32688K, reserved 1077248K
  class space    used 4473K, capacity 4722K, committed 4784K, reserved 1048576K
Event: 12.351 GC heap after
Heap after GC invocations=10 (full 1):
 PSYoungGen      total 131072K, used 9200K [0x00000000eab00000, 0x00000000f3800000, 0x0000000100000000)
  eden space 121856K, 0% used [0x00000000eab00000,0x00000000eab00000,0x00000000f2200000)
  from space 9216K, 99% used [0x00000000f2600000,0x00000000f2efc3a8,0x00000000f2f00000)
  to   space 9216K, 0% used [0x00000000f2f00000,0x00000000f2f00000,0x00000000f3800000)
 ParOldGen       total 39424K, used 12529K [0x00000000c0000000, 0x00000000c2680000, 0x00000000eab00000)
  object space 39424K, 31% used [0x00000000c0000000,0x00000000c0c3c550,0x00000000c2680000)
 Metaspace       used 31953K, capacity 32570K, committed 32688K, reserved 1077248K
  class space    used 4473K, capacity 4722K, committed 4784K, reserved 1048576K
}
Event: 14.636 GC heap before
{Heap before GC invocations=11 (full 1):
 PSYoungGen      total 131072K, used 35971K [0x00000000eab00000, 0x00000000f3800000, 0x0000000100000000)
  eden space 121856K, 21% used [0x00000000eab00000,0x00000000ec524ab8,0x00000000f2200000)
  from space 9216K, 99% used [0x00000000f2600000,0x00000000f2efc3a8,0x00000000f2f00000)
  to   space 9216K, 0% used [0x00000000f2f00000,0x00000000f2f00000,0x00000000f3800000)
 ParOldGen       total 39424K, used 12529K [0x00000000c0000000, 0x00000000c2680000, 0x00000000eab00000)
  object space 39424K, 31% used [0x00000000c0000000,0x00000000c0c3c550,0x00000000c2680000)
 Metaspace       used 34755K, capacity 35372K, committed 35496K, reserved 1079296K
  class space    used 4781K, capacity 5013K, committed 5040K, reserved 1048576K
Event: 14.649 GC heap after
Heap after GC invocations=11 (full 1):
 PSYoungGen      total 131584K, used 9208K [0x00000000eab00000, 0x00000000f5900000, 0x0000000100000000)
  eden space 122368K, 0% used [0x00000000eab00000,0x00000000eab00000,0x00000000f2280000)
  from space 9216K, 99% used [0x00000000f2f00000,0x00000000f37fe0e0,0x00000000f3800000)
  to   space 12800K, 0% used [0x00000000f2280000,0x00000000f2280000,0x00000000f2f00000)
 ParOldGen       total 39424K, used 14735K [0x00000000c0000000, 0x00000000c2680000, 0x00000000eab00000)
  object space 39424K, 37% used [0x00000000c0000000,0x00000000c0e63c78,0x00000000c2680000)
 Metaspace       used 34755K, capacity 35372K, committed 35496K, reserved 1079296K
  class space    used 4781K, capacity 5013K, committed 5040K, reserved 1048576K
}
Event: 14.649 GC heap before
{Heap before GC invocations=12 (full 2):
 PSYoungGen      total 131584K, used 9208K [0x00000000eab00000, 0x00000000f5900000, 0x0000000100000000)
  eden space 122368K, 0% used [0x00000000eab00000,0x00000000eab00000,0x00000000f2280000)
  from space 9216K, 99% used [0x00000000f2f00000,0x00000000f37fe0e0,0x00000000f3800000)
  to   space 12800K, 0% used [0x00000000f2280000,0x00000000f2280000,0x00000000f2f00000)
 ParOldGen       total 39424K, used 14735K [0x00000000c0000000, 0x00000000c2680000, 0x00000000eab00000)
  object space 39424K, 37% used [0x00000000c0000000,0x00000000c0e63c78,0x00000000c2680000)
 Metaspace       used 34755K, capacity 35372K, committed 35496K, reserved 1079296K
  class space    used 4781K, capacity 5013K, committed 5040K, reserved 1048576K
Event: 14.714 GC heap after
Heap after GC invocations=12 (full 2):
 PSYoungGen      total 131584K, used 0K [0x00000000eab00000, 0x00000000f5900000, 0x0000000100000000)
  eden space 122368K, 0% used [0x00000000eab00000,0x00000000eab00000,0x00000000f2280000)
  from space 9216K, 0% used [0x00000000f2f00000,0x00000000f2f00000,0x00000000f3800000)
  to   space 12800K, 0% used [0x00000000f2280000,0x00000000f2280000,0x00000000f2f00000)
 ParOldGen       total 62464K, used 18393K [0x00000000c0000000, 0x00000000c3d00000, 0x00000000eab00000)
  object space 62464K, 29% used [0x00000000c0000000,0x00000000c11f64d0,0x00000000c3d00000)
 Metaspace       used 34755K, capacity 35372K, committed 35496K, reserved 1079296K
  class space    used 4781K, capacity 5013K, committed 5040K, reserved 1048576K
}

Deoptimization events (10 events):
Event: 16.791 Thread 0x0000000058904000 Uncommon trap: reason=unstable_if action=reinterpret pc=0x00000000033c04ac method=java.security.CodeSource.matchCerts(Ljava/security/CodeSource;Z)Z @ 11
Event: 16.819 Thread 0x0000000058904000 Uncommon trap: reason=unstable_if action=reinterpret pc=0x00000000032f62b8 method=java.util.LinkedHashMap.get(Ljava/lang/Object;)Ljava/lang/Object; @ 20
Event: 16.913 Thread 0x0000000058904000 Uncommon trap: reason=unstable_if action=reinterpret pc=0x000000000309e814 method=org.objectweb.asm.ByteVector.putUTF8(Ljava/lang/String;)Lorg/objectweb/asm/ByteVector; @ 91
Event: 17.038 Thread 0x0000000058904000 Uncommon trap: reason=unstable_if action=reinterpret pc=0x0000000002af1aa0 method=org.objectweb.asm.ByteVector.putUTF8(Ljava/lang/String;)Lorg/objectweb/asm/ByteVector; @ 91
Event: 17.651 Thread 0x0000000058904000 Uncommon trap: reason=unstable_if action=reinterpret pc=0x00000000030cb50c method=groovy.lang.MetaClassImpl.checkIfStdMethod(Lgroovy/lang/MetaMethod;)V @ 55
Event: 17.680 Thread 0x0000000058904000 Uncommon trap: reason=bimorphic action=maybe_recompile pc=0x0000000003263308 method=org.codehaus.groovy.runtime.metaclass.MetaMethodIndex.addMethodToList(Ljava/lang/Object;Lgroovy/lang/MetaMethod;)Ljava/lang/Object; @ 102
Event: 17.680 Thread 0x0000000058904000 Uncommon trap: reason=bimorphic action=maybe_recompile pc=0x0000000003263308 method=org.codehaus.groovy.runtime.metaclass.MetaMethodIndex.addMethodToList(Ljava/lang/Object;Lgroovy/lang/MetaMethod;)Ljava/lang/Object; @ 102
Event: 17.680 Thread 0x0000000058904000 Uncommon trap: reason=bimorphic action=maybe_recompile pc=0x0000000003263308 method=org.codehaus.groovy.runtime.metaclass.MetaMethodIndex.addMethodToList(Ljava/lang/Object;Lgroovy/lang/MetaMethod;)Ljava/lang/Object; @ 102
Event: 17.680 Thread 0x0000000058904000 Uncommon trap: reason=bimorphic action=maybe_recompile pc=0x0000000003263308 method=org.codehaus.groovy.runtime.metaclass.MetaMethodIndex.addMethodToList(Ljava/lang/Object;Lgroovy/lang/MetaMethod;)Ljava/lang/Object; @ 102
Event: 17.680 Thread 0x0000000058904000 Uncommon trap: reason=unstable_if action=reinterpret pc=0x0000000003147c7c method=groovy.lang.MetaClassImpl$1MOPIter.methodNameAction(Ljava/lang/Class;Lorg/codehaus/groovy/runtime/metaclass/MetaMethodIndex$Entry;)V @ 259

Classes redefined (0 events):
No events

Internal exceptions (10 events):
Event: 18.015 Thread 0x0000000058904000 Exception <a 'sun/nio/fs/WindowsException'> (0x00000000f20034c8) thrown at [D:\src\AOSP-openjdk-cygwin\jdk8u\hotspot\src\share\vm\prims\jni.cpp, line 709]
Event: 18.015 Thread 0x0000000058904000 Exception <a 'sun/nio/fs/WindowsException'> (0x00000000f2007218) thrown at [D:\src\AOSP-openjdk-cygwin\jdk8u\hotspot\src\share\vm\prims\jni.cpp, line 709]
Event: 18.016 Thread 0x0000000058904000 Exception <a 'sun/nio/fs/WindowsException'> (0x00000000f2007fe0) thrown at [D:\src\AOSP-openjdk-cygwin\jdk8u\hotspot\src\share\vm\prims\jni.cpp, line 709]
Event: 18.016 Thread 0x0000000058904000 Exception <a 'sun/nio/fs/WindowsException'> (0x00000000f200a1b0) thrown at [D:\src\AOSP-openjdk-cygwin\jdk8u\hotspot\src\share\vm\prims\jni.cpp, line 709]
Event: 18.016 Thread 0x0000000058904000 Exception <a 'sun/nio/fs/WindowsException'> (0x00000000f200afb8) thrown at [D:\src\AOSP-openjdk-cygwin\jdk8u\hotspot\src\share\vm\prims\jni.cpp, line 709]
Event: 18.016 Thread 0x0000000058904000 Exception <a 'sun/nio/fs/WindowsException'> (0x00000000f200e3b8) thrown at [D:\src\AOSP-openjdk-cygwin\jdk8u\hotspot\src\share\vm\prims\jni.cpp, line 709]
Event: 18.016 Thread 0x0000000058904000 Exception <a 'sun/nio/fs/WindowsException'> (0x00000000f200f260) thrown at [D:\src\AOSP-openjdk-cygwin\jdk8u\hotspot\src\share\vm\prims\jni.cpp, line 709]
Event: 18.016 Thread 0x0000000058904000 Exception <a 'sun/nio/fs/WindowsException'> (0x00000000f2011520) thrown at [D:\src\AOSP-openjdk-cygwin\jdk8u\hotspot\src\share\vm\prims\jni.cpp, line 709]
Event: 18.016 Thread 0x0000000058904000 Exception <a 'sun/nio/fs/WindowsException'> (0x00000000f2012400) thrown at [D:\src\AOSP-openjdk-cygwin\jdk8u\hotspot\src\share\vm\prims\jni.cpp, line 709]
Event: 18.116 Thread 0x0000000058904000 Exception <a 'java/lang/ClassNotFoundException': com/sun/org/glassfish/hk2/osgiresourcelocator/ServiceLoader> (0x00000000f2071d08) thrown at [D:\src\AOSP-openjdk-cygwin\jdk8u\hotspot\src\share\vm\classfile\systemDictionary.cpp, line 210]

Events (10 events):
Event: 18.298 loading class com/sun/xml/bind/Util
Event: 18.298 loading class com/sun/xml/bind/Util done
Event: 18.300 loading class com/sun/xml/bind/v2/util/TypeCast
Event: 18.300 loading class com/sun/xml/bind/v2/util/TypeCast done
Event: 18.301 loading class com/sun/xml/bind/v2/runtime/JAXBContextImpl$JAXBContextBuilder
Event: 18.301 loading class com/sun/xml/bind/v2/runtime/JAXBContextImpl$JAXBContextBuilder done
Event: 18.302 loading class com/sun/xml/bind/v2/model/annotation/RuntimeInlineAnnotationReader
Event: 18.302 loading class com/sun/xml/bind/v2/model/annotation/RuntimeInlineAnnotationReader done
Event: 18.303 loading class com/sun/xml/bind/v2/model/annotation/AbstractInlineAnnotationReaderImpl
Event: 18.303 loading class com/sun/xml/bind/v2/model/annotation/AbstractInlineAnnotationReaderImpl done


Dynamic libraries:
0x000000013f230000 - 0x000000013f261000 	E:\Rj\Android\jre\bin\java.exe
0x00000000773e0000 - 0x000000007757f000 	C:\Windows\SYSTEM32\ntdll.dll
0x00000000772c0000 - 0x00000000773df000 	C:\Windows\system32\kernel32.dll
0x000007fefd250000 - 0x000007fefd2ba000 	C:\Windows\system32\KERNELBASE.dll
0x000007fefd380000 - 0x000007fefd45b000 	C:\Windows\system32\ADVAPI32.dll
0x000007fefe720000 - 0x000007fefe7bf000 	C:\Windows\system32\msvcrt.dll
0x000007fefe370000 - 0x000007fefe38f000 	C:\Windows\SYSTEM32\sechost.dll
0x000007fefec70000 - 0x000007fefed9d000 	C:\Windows\system32\RPCRT4.dll
0x00000000771c0000 - 0x00000000772ba000 	C:\Windows\system32\USER32.dll
0x000007feff140000 - 0x000007feff1a7000 	C:\Windows\system32\GDI32.dll
0x000007fefe360000 - 0x000007fefe36e000 	C:\Windows\system32\LPK.dll
0x000007fefeda0000 - 0x000007fefee6b000 	C:\Windows\system32\USP10.dll
0x000007fefb520000 - 0x000007fefb714000 	C:\Windows\WinSxS\amd64_microsoft.windows.common-controls_6595b64144ccf1df_6.0.7601.18837_none_fa3b1e3d17594757\COMCTL32.dll
0x000007fefd300000 - 0x000007fefd371000 	C:\Windows\system32\SHLWAPI.dll
0x000007fefee70000 - 0x000007fefee9e000 	C:\Windows\system32\IMM32.DLL
0x000007feff210000 - 0x000007feff319000 	C:\Windows\system32\MSCTF.dll
0x000000006e560000 - 0x000000006e632000 	E:\Rj\Android\jre\jre\bin\msvcr100.dll
0x000000006dd10000 - 0x000000006e551000 	E:\Rj\Android\jre\jre\bin\server\jvm.dll
0x000007fefb3a0000 - 0x000007fefb3a9000 	C:\Windows\system32\WSOCK32.dll
0x000007fefe310000 - 0x000007fefe35d000 	C:\Windows\system32\WS2_32.dll
0x000007fefd2f0000 - 0x000007fefd2f8000 	C:\Windows\system32\NSI.dll
0x000007fefa280000 - 0x000007fefa2bb000 	C:\Windows\system32\WINMM.dll
0x000007fefbff0000 - 0x000007fefbffc000 	C:\Windows\system32\VERSION.dll
0x0000000077590000 - 0x0000000077597000 	C:\Windows\system32\PSAPI.DLL
0x000007fef8c60000 - 0x000007fef8c6f000 	E:\Rj\Android\jre\jre\bin\verify.dll
0x000007fef39c0000 - 0x000007fef39e9000 	E:\Rj\Android\jre\jre\bin\java.dll
0x000007fef3a00000 - 0x000007fef3a16000 	E:\Rj\Android\jre\jre\bin\zip.dll
0x000007fefd580000 - 0x000007fefe30a000 	C:\Windows\system32\SHELL32.dll
0x000007fefeea0000 - 0x000007feff09f000 	C:\Windows\system32\ole32.dll
0x000007fefcf40000 - 0x000007fefcf4f000 	C:\Windows\system32\profapi.dll
0x000007fef39a0000 - 0x000007fef39ba000 	E:\Rj\Android\jre\jre\bin\net.dll
0x000007fefc6b0000 - 0x000007fefc705000 	C:\Windows\system32\mswsock.dll
0x000007fefc6a0000 - 0x000007fefc6a7000 	C:\Windows\System32\wship6.dll
0x000007fef3980000 - 0x000007fef3991000 	E:\Rj\Android\jre\jre\bin\nio.dll
0x000007fef3960000 - 0x000007fef397e000 	C:\Users\MSPNR\.gradle\native\25\windows-amd64\native-platform.dll
0x000007fef8c70000 - 0x000007fef8c7d000 	E:\Rj\Android\jre\jre\bin\management.dll
0x000007fefc710000 - 0x000007fefc728000 	C:\Windows\system32\CRYPTSP.dll
0x000007fefc410000 - 0x000007fefc457000 	C:\Windows\system32\rsaenh.dll
0x000007fefd2d0000 - 0x000007fefd2ee000 	C:\Windows\system32\USERENV.dll
0x000007fefcdd0000 - 0x000007fefcddf000 	C:\Windows\system32\CRYPTBASE.dll
0x000007fef9ba0000 - 0x000007fef9bc7000 	C:\Windows\system32\IPHLPAPI.DLL
0x000007fef9b90000 - 0x000007fef9b9b000 	C:\Windows\system32\WINNSI.DLL
0x000007fef99a0000 - 0x000007fef99b8000 	C:\Windows\system32\dhcpcsvc.DLL
0x000007fef9980000 - 0x000007fef9991000 	C:\Windows\system32\dhcpcsvc6.DLL
0x000007fef76d0000 - 0x000007fef77f5000 	C:\Windows\system32\dbghelp.dll

VM Arguments:
jvm_args: -Xmx1024m -Dfile.encoding=windows-1252 -Duser.country=US -Duser.language=en -Duser.variant 
java_command: org.gradle.launcher.daemon.bootstrap.GradleDaemon 4.10.1
java_class_path (initial): C:\Users\MSPNR\.gradle\wrapper\dists\gradle-4.10.1-all\455itskqi2qtf0v2sja68alqd\gradle-4.10.1\lib\gradle-launcher-4.10.1.jar
Launcher Type: SUN_STANDARD

Environment Variables:
JAVA_HOME=C:\Program Files (x86)\Java\jdk1.8.0_191\
CLASSPATH=.;C:\Program Files (x86)\QuickTime\QTSystem\QTJava.zip
PATH=C:\Program Files (x86)\Common Files\Oracle\Java\javapath;C:\Program Files (x86)\NVIDIA Corporation\PhysX\Common;C:\Windows\system32;C:\Windows;C:\Windows\System32\Wbem;C:\Windows\System32\WindowsPowerShell\v1.0\;C:\Program Files (x86)\QuickTime\QTSystem\;C:\Program Files (x86)\Common Files\Autodesk Shared\;C:\Program Files\Common Files\Autodesk Shared\
USERNAME=MSPNR
OS=Windows_NT
PROCESSOR_IDENTIFIER=Intel64 Family 6 Model 58 Stepping 9, GenuineIntel



---------------  S Y S T E M  ---------------

OS: Windows 7 , 64 bit Build 7601 (6.1.7601.24335)

CPU:total 4 (initial active 4) (2 cores per cpu, 2 threads per core) family 6 model 58 stepping 9, cmov, cx8, fxsr, mmx, sse, sse2, sse3, ssse3, sse4.1, sse4.2, popcnt, avx, clmul, erms, ht, tsc, tscinvbit, tscinv

Memory: 4k page, physical 4164012k(948428k free), swap 9512508k(6125060k free)

vm_info: OpenJDK 64-Bit Server VM (25.152-b06) for windows-amd64 JRE (1.8.0_152-release-1136-b06), built by "builder" with MS VC++ 10.0 (VS2010)

time: Sun Jan 27 20:29:11 2019
elapsed time: 18 seconds (0d 0h 0m 18s)

